  AboutScene.cpp
  GameScene.cpp
  InfoScene.cpp
  MainWindow.cpp
c:\users\admin\desktop\курсач валік\tron\tron1\menuscene.cpp(17): warning C4244: аргумент: преобразование "int" в "float", возможна потеря данных
c:\users\admin\desktop\курсач валік\tron\tron1\mainwindow.cpp(60): warning C4244: аргумент: преобразование "time_t" в "unsigned int", возможна потеря данных
c:\users\admin\desktop\курсач валік\tron\tron1\mainwindow.cpp(104): warning C4244: аргумент: преобразование "int" в "float", возможна потеря данных
c:\users\admin\desktop\курсач валік\tron\tron1\mainwindow.cpp(107): warning C4244: аргумент: преобразование "int" в "float", возможна потеря данных
  MenuScene.cpp
c:\users\admin\desktop\курсач валік\tron\tron1\menuscene.cpp(17): warning C4244: аргумент: преобразование "int" в "float", возможна потеря данных
  Mode.cpp
  Player.cpp
  main.cpp
c:\users\admin\desktop\курсач валік\tron\tron1\menuscene.cpp(17): warning C4244: аргумент: преобразование "int" в "float", возможна потеря данных
c:\users\admin\desktop\курсач валік\tron\tron1\mainwindow.cpp(60): warning C4244: аргумент: преобразование "time_t" в "unsigned int", возможна потеря данных
c:\users\admin\desktop\курсач валік\tron\tron1\mainwindow.cpp(104): warning C4244: аргумент: преобразование "int" в "float", возможна потеря данных
c:\users\admin\desktop\курсач валік\tron\tron1\mainwindow.cpp(107): warning C4244: аргумент: преобразование "int" в "float", возможна потеря данных
  Scene.cpp
  Создание кода
  0 of 584 functions ( 0.0%) were compiled, the rest were copied from previous compilation.
    0 functions were new in current compilation
    0 functions had inline decision re-evaluated but remain unchanged
  Создание кода завершено
  TRON1.vcxproj -> C:\Users\Admin\Desktop\Курсач Валік\Tron\x64\Release\TRON1.exe
