c:\users\admin\desktop\курсач валік\tron\tron1\x64\release\vc141.pdb
c:\users\admin\desktop\курсач валік\tron\tron1\x64\release\scene.obj
c:\users\admin\desktop\курсач валік\tron\tron1\x64\release\main.obj
c:\users\admin\desktop\курсач валік\tron\tron1\x64\release\player.obj
c:\users\admin\desktop\курсач валік\tron\tron1\x64\release\mode.obj
c:\users\admin\desktop\курсач валік\tron\tron1\x64\release\menuscene.obj
c:\users\admin\desktop\курсач валік\tron\tron1\x64\release\mainwindow.obj
c:\users\admin\desktop\курсач валік\tron\tron1\x64\release\infoscene.obj
c:\users\admin\desktop\курсач валік\tron\tron1\x64\release\gamescene.obj
c:\users\admin\desktop\курсач валік\tron\tron1\x64\release\aboutscene.obj
c:\users\admin\desktop\курсач валік\tron\x64\release\tron1.ipdb
c:\users\admin\desktop\курсач валік\tron\x64\release\tron1.iobj
c:\users\admin\desktop\курсач валік\tron\x64\release\tron1.pdb
c:\users\admin\desktop\курсач валік\tron\tron1\x64\release\tron1.tlog\cl.command.1.tlog
c:\users\admin\desktop\курсач валік\tron\tron1\x64\release\tron1.tlog\cl.read.1.tlog
c:\users\admin\desktop\курсач валік\tron\tron1\x64\release\tron1.tlog\cl.write.1.tlog
c:\users\admin\desktop\курсач валік\tron\tron1\x64\release\tron1.tlog\link.command.1.tlog
c:\users\admin\desktop\курсач валік\tron\tron1\x64\release\tron1.tlog\link.read.1.tlog
c:\users\admin\desktop\курсач валік\tron\tron1\x64\release\tron1.tlog\link.write.1.tlog
c:\users\admin\desktop\курсач валік\tron\tron1\x64\release\tron1.tlog\tron1.write.1u.tlog
