  AboutScene.cpp
  GameScene.cpp
  InfoScene.cpp
  MainWindow.cpp
c:\users\admin\desktop\курсач валік\tron\tron1\menuscene.cpp(17): warning C4244: аргумент: преобразование "int" в "float", возможна потеря данных
c:\users\admin\desktop\курсач валік\tron\tron1\mainwindow.cpp(60): warning C4244: аргумент: преобразование "time_t" в "unsigned int", возможна потеря данных
c:\users\admin\desktop\курсач валік\tron\tron1\mainwindow.cpp(104): warning C4244: аргумент: преобразование "int" в "float", возможна потеря данных
c:\users\admin\desktop\курсач валік\tron\tron1\mainwindow.cpp(107): warning C4244: аргумент: преобразование "int" в "float", возможна потеря данных
  MenuScene.cpp
c:\users\admin\desktop\курсач валік\tron\tron1\menuscene.cpp(17): warning C4244: аргумент: преобразование "int" в "float", возможна потеря данных
  Mode.cpp
  Player.cpp
  main.cpp
c:\users\admin\desktop\курсач валік\tron\tron1\menuscene.cpp(17): warning C4244: аргумент: преобразование "int" в "float", возможна потеря данных
c:\users\admin\desktop\курсач валік\tron\tron1\mainwindow.cpp(60): warning C4244: аргумент: преобразование "time_t" в "unsigned int", возможна потеря данных
c:\users\admin\desktop\курсач валік\tron\tron1\mainwindow.cpp(104): warning C4244: аргумент: преобразование "int" в "float", возможна потеря данных
c:\users\admin\desktop\курсач валік\tron\tron1\mainwindow.cpp(107): warning C4244: аргумент: преобразование "int" в "float", возможна потеря данных
  Scene.cpp
  Создание кода...
main.obj : error LNK2019: ссылка на неразрешенный внешний символ "__declspec(dllimport) public: __cdecl sf::String::String(char const *,class std::locale const &)" (__imp_??0String@sf@@QEAA@PEBDAEBVlocale@std@@@Z) в функции "public: __cdecl MainWindow::MainWindow(void)" (??0MainWindow@@QEAA@XZ)
main.obj : error LNK2019: ссылка на неразрешенный внешний символ "__declspec(dllimport) public: __cdecl sf::String::~String(void)" (__imp_??1String@sf@@QEAA@XZ) в функции "public: __cdecl MainWindow::MainWindow(void)" (??0MainWindow@@QEAA@XZ)
main.obj : error LNK2019: ссылка на неразрешенный внешний символ "__declspec(dllimport) public: static bool __cdecl sf::Keyboard::isKeyPressed(enum sf::Keyboard::Key)" (__imp_?isKeyPressed@Keyboard@sf@@SA_NW4Key@12@@Z) в функции "public: void __cdecl MainWindow::update(class sf::Event)" (?update@MainWindow@@QEAAXVEvent@sf@@@Z)
main.obj : error LNK2019: ссылка на неразрешенный внешний символ "__declspec(dllimport) public: __cdecl sf::VideoMode::VideoMode(unsigned int,unsigned int,unsigned int)" (__imp_??0VideoMode@sf@@QEAA@III@Z) в функции "public: __cdecl MainWindow::MainWindow(void)" (??0MainWindow@@QEAA@XZ)
main.obj : error LNK2019: ссылка на неразрешенный внешний символ "__declspec(dllimport) public: void __cdecl sf::Window::close(void)" (__imp_?close@Window@sf@@QEAAXXZ) в функции "public: void __cdecl MainWindow::Run(void)" (?Run@MainWindow@@QEAAXXZ)
main.obj : error LNK2019: ссылка на неразрешенный внешний символ "__declspec(dllimport) public: bool __cdecl sf::Window::isOpen(void)const " (__imp_?isOpen@Window@sf@@QEBA_NXZ) в функции "public: void __cdecl MainWindow::Run(void)" (?Run@MainWindow@@QEAAXXZ)
main.obj : error LNK2019: ссылка на неразрешенный внешний символ "__declspec(dllimport) public: bool __cdecl sf::Window::pollEvent(class sf::Event &)" (__imp_?pollEvent@Window@sf@@QEAA_NAEAVEvent@2@@Z) в функции "public: void __cdecl MainWindow::Run(void)" (?Run@MainWindow@@QEAAXXZ)
main.obj : error LNK2019: ссылка на неразрешенный внешний символ "__declspec(dllimport) public: void __cdecl sf::Window::setFramerateLimit(unsigned int)" (__imp_?setFramerateLimit@Window@sf@@QEAAXI@Z) в функции "public: __cdecl MainWindow::MainWindow(void)" (??0MainWindow@@QEAA@XZ)
main.obj : error LNK2019: ссылка на неразрешенный внешний символ "__declspec(dllimport) public: void __cdecl sf::Window::display(void)" (__imp_?display@Window@sf@@QEAAXXZ) в функции "public: void __cdecl MainWindow::Run(void)" (?Run@MainWindow@@QEAAXXZ)
main.obj : error LNK2019: ссылка на неразрешенный внешний символ "__declspec(dllimport) public: void __cdecl sf::Transformable::setPosition(float,float)" (__imp_?setPosition@Transformable@sf@@QEAAXMM@Z) в функции "public: virtual void __cdecl MenuScene::Load(void)" (?Load@MenuScene@@UEAAXXZ)
main.obj : error LNK2019: ссылка на неразрешенный внешний символ "__declspec(dllimport) public: __cdecl sf::Color::Color(void)" (__imp_??0Color@sf@@QEAA@XZ) в функции "public: __cdecl Player::Player(class sf::Color,int,int)" (??0Player@@QEAA@VColor@sf@@HH@Z)
main.obj : error LNK2019: ссылка на неразрешенный внешний символ "__declspec(dllimport) public: __cdecl sf::Color::Color(unsigned char,unsigned char,unsigned char,unsigned char)" (__imp_??0Color@sf@@QEAA@EEEE@Z) в функции "public: virtual void __cdecl GameScene::Load(void)" (?Load@GameScene@@UEAAXXZ)
main.obj : error LNK2019: ссылка на неразрешенный внешний символ "__declspec(dllimport) public: void __cdecl sf::Shape::setFillColor(class sf::Color const &)" (__imp_?setFillColor@Shape@sf@@QEAAXAEBVColor@2@@Z) в функции "public: void __cdecl MainWindow::update(class sf::Event)" (?update@MainWindow@@QEAAXVEvent@sf@@@Z)
main.obj : error LNK2019: ссылка на неразрешенный внешний символ "__declspec(dllimport) public: __cdecl sf::CircleShape::CircleShape(float,unsigned __int64)" (__imp_??0CircleShape@sf@@QEAA@M_K@Z) в функции "public: void __cdecl MainWindow::update(class sf::Event)" (?update@MainWindow@@QEAAXVEvent@sf@@@Z)
main.obj : error LNK2019: ссылка на неразрешенный внешний символ "__declspec(dllimport) public: virtual __cdecl sf::CircleShape::~CircleShape(void)" (__imp_??1CircleShape@sf@@UEAA@XZ) в функции "public: void __cdecl MainWindow::update(class sf::Event)" (?update@MainWindow@@QEAAXVEvent@sf@@@Z)
main.obj : error LNK2019: ссылка на неразрешенный внешний символ "__declspec(dllimport) public: __cdecl sf::Texture::Texture(void)" (__imp_??0Texture@sf@@QEAA@XZ) в функции "public: __cdecl Scene::Scene(void)" (??0Scene@@QEAA@XZ)
main.obj : error LNK2019: ссылка на неразрешенный внешний символ "__declspec(dllimport) public: __cdecl sf::Texture::~Texture(void)" (__imp_??1Texture@sf@@QEAA@XZ) в функции "int `public: __cdecl Scene::Scene(void)'::`1'::dtor$4" (?dtor$4@?0???0Scene@@QEAA@XZ@4HA)
main.obj : error LNK2019: ссылка на неразрешенный внешний символ "__declspec(dllimport) public: bool __cdecl sf::Texture::loadFromFile(class std::basic_string<char,struct std::char_traits<char>,class std::allocator<char> > const &,class sf::Rect<int> const &)" (__imp_?loadFromFile@Texture@sf@@QEAA_NAEBV?$basic_string@DU?$char_traits@D@std@@V?$allocator@D@2@@std@@AEBV?$Rect@H@2@@Z) в функции "public: virtual void __cdecl GameScene::Load(void)" (?Load@GameScene@@UEAAXXZ)
main.obj : error LNK2019: ссылка на неразрешенный внешний символ "__declspec(dllimport) public: __cdecl sf::Font::Font(void)" (__imp_??0Font@sf@@QEAA@XZ) в функции "public: __cdecl Scene::Scene(void)" (??0Scene@@QEAA@XZ)
main.obj : error LNK2019: ссылка на неразрешенный внешний символ "__declspec(dllimport) public: __cdecl sf::Font::~Font(void)" (__imp_??1Font@sf@@QEAA@XZ) в функции "int `public: __cdecl Scene::Scene(void)'::`1'::dtor$2" (?dtor$2@?0???0Scene@@QEAA@XZ@4HA)
main.obj : error LNK2019: ссылка на неразрешенный внешний символ "__declspec(dllimport) public: bool __cdecl sf::Font::loadFromFile(class std::basic_string<char,struct std::char_traits<char>,class std::allocator<char> > const &)" (__imp_?loadFromFile@Font@sf@@QEAA_NAEBV?$basic_string@DU?$char_traits@D@std@@V?$allocator@D@2@@std@@@Z) в функции "public: virtual void __cdecl GameScene::Load(void)" (?Load@GameScene@@UEAAXXZ)
main.obj : error LNK2019: ссылка на неразрешенный внешний символ "__declspec(dllimport) public: void __cdecl sf::RenderTarget::clear(class sf::Color const &)" (__imp_?clear@RenderTarget@sf@@QEAAXAEBVColor@2@@Z) в функции "public: virtual void __cdecl GameScene::Load(void)" (?Load@GameScene@@UEAAXXZ)
main.obj : error LNK2019: ссылка на неразрешенный внешний символ "__declspec(dllimport) public: void __cdecl sf::RenderTarget::draw(class sf::Drawable const &,class sf::RenderStates const &)" (__imp_?draw@RenderTarget@sf@@QEAAXAEBVDrawable@2@AEBVRenderStates@2@@Z) в функции "public: void __cdecl MainWindow::DrawModeNow(class sf::Event)" (?DrawModeNow@MainWindow@@QEAAXVEvent@sf@@@Z)
main.obj : error LNK2019: ссылка на неразрешенный внешний символ "__declspec(dllimport) public: __cdecl sf::RenderTexture::RenderTexture(void)" (__imp_??0RenderTexture@sf@@QEAA@XZ) в функции "public: __cdecl Scene::Scene(void)" (??0Scene@@QEAA@XZ)
main.obj : error LNK2019: ссылка на неразрешенный внешний символ "__declspec(dllimport) public: virtual __cdecl sf::RenderTexture::~RenderTexture(void)" (__imp_??1RenderTexture@sf@@UEAA@XZ) в функции "int `public: __cdecl Scene::Scene(void)'::`1'::dtor$6" (?dtor$6@?0???0Scene@@QEAA@XZ@4HA)
main.obj : error LNK2019: ссылка на неразрешенный внешний символ "__declspec(dllimport) public: bool __cdecl sf::RenderTexture::create(unsigned int,unsigned int,struct sf::ContextSettings const &)" (__imp_?create@RenderTexture@sf@@QEAA_NIIAEBUContextSettings@2@@Z) в функции "public: virtual void __cdecl GameScene::Load(void)" (?Load@GameScene@@UEAAXXZ)
main.obj : error LNK2019: ссылка на неразрешенный внешний символ "__declspec(dllimport) public: void __cdecl sf::RenderTexture::setSmooth(bool)" (__imp_?setSmooth@RenderTexture@sf@@QEAAX_N@Z) в функции "public: virtual void __cdecl GameScene::Load(void)" (?Load@GameScene@@UEAAXXZ)
main.obj : error LNK2019: ссылка на неразрешенный внешний символ "__declspec(dllimport) public: void __cdecl sf::RenderTexture::display(void)" (__imp_?display@RenderTexture@sf@@QEAAXXZ) в функции "public: void __cdecl MainWindow::update(class sf::Event)" (?update@MainWindow@@QEAAXVEvent@sf@@@Z)
main.obj : error LNK2019: ссылка на неразрешенный внешний символ "__declspec(dllimport) public: class sf::Texture const & __cdecl sf::RenderTexture::getTexture(void)const " (__imp_?getTexture@RenderTexture@sf@@QEBAAEBVTexture@2@XZ) в функции "public: virtual void __cdecl GameScene::Load(void)" (?Load@GameScene@@UEAAXXZ)
main.obj : error LNK2019: ссылка на неразрешенный внешний символ "__declspec(dllimport) public: __cdecl sf::RenderWindow::RenderWindow(class sf::VideoMode,class sf::String const &,unsigned int,struct sf::ContextSettings const &)" (__imp_??0RenderWindow@sf@@QEAA@VVideoMode@1@AEBVString@1@IAEBUContextSettings@1@@Z) в функции "public: __cdecl MainWindow::MainWindow(void)" (??0MainWindow@@QEAA@XZ)
main.obj : error LNK2019: ссылка на неразрешенный внешний символ "__declspec(dllimport) public: virtual __cdecl sf::RenderWindow::~RenderWindow(void)" (__imp_??1RenderWindow@sf@@UEAA@XZ) в функции "public: virtual void * __cdecl sf::RenderWindow::`scalar deleting destructor'(unsigned int)" (??_GRenderWindow@sf@@UEAAPEAXI@Z)
main.obj : error LNK2019: ссылка на неразрешенный внешний символ "__declspec(dllimport) public: __cdecl sf::Sprite::Sprite(void)" (__imp_??0Sprite@sf@@QEAA@XZ) в функции "public: __cdecl Scene::Scene(void)" (??0Scene@@QEAA@XZ)
main.obj : error LNK2019: ссылка на неразрешенный внешний символ "__declspec(dllimport) public: void __cdecl sf::Sprite::setTexture(class sf::Texture const &,bool)" (__imp_?setTexture@Sprite@sf@@QEAAXAEBVTexture@2@_N@Z) в функции "public: virtual void __cdecl GameScene::Load(void)" (?Load@GameScene@@UEAAXXZ)
main.obj : error LNK2019: ссылка на неразрешенный внешний символ "__declspec(dllimport) public: virtual __cdecl sf::Sprite::~Sprite(void)" (__imp_??1Sprite@sf@@UEAA@XZ) в функции "int `public: __cdecl Scene::Scene(void)'::`1'::dtor$5" (?dtor$5@?0???0Scene@@QEAA@XZ@4HA)
main.obj : error LNK2019: ссылка на неразрешенный внешний символ "__declspec(dllimport) public: __cdecl sf::Text::Text(void)" (__imp_??0Text@sf@@QEAA@XZ) в функции "public: __cdecl Scene::Scene(void)" (??0Scene@@QEAA@XZ)
main.obj : error LNK2019: ссылка на неразрешенный внешний символ "__declspec(dllimport) public: void __cdecl sf::Text::setString(class sf::String const &)" (__imp_?setString@Text@sf@@QEAAXAEBVString@2@@Z) в функции "public: void __cdecl MainWindow::update(class sf::Event)" (?update@MainWindow@@QEAAXVEvent@sf@@@Z)
main.obj : error LNK2019: ссылка на неразрешенный внешний символ "__declspec(dllimport) public: void __cdecl sf::Text::setFont(class sf::Font const &)" (__imp_?setFont@Text@sf@@QEAAXAEBVFont@2@@Z) в функции "public: virtual void __cdecl GameScene::Load(void)" (?Load@GameScene@@UEAAXXZ)
main.obj : error LNK2019: ссылка на неразрешенный внешний символ "__declspec(dllimport) public: void __cdecl sf::Text::setCharacterSize(unsigned int)" (__imp_?setCharacterSize@Text@sf@@QEAAXI@Z) в функции "public: void __cdecl MainWindow::update(class sf::Event)" (?update@MainWindow@@QEAAXVEvent@sf@@@Z)
main.obj : error LNK2019: ссылка на неразрешенный внешний символ "__declspec(dllimport) public: void __cdecl sf::Text::setFillColor(class sf::Color const &)" (__imp_?setFillColor@Text@sf@@QEAAXAEBVColor@2@@Z) в функции "public: void __cdecl MainWindow::update(class sf::Event)" (?update@MainWindow@@QEAAXVEvent@sf@@@Z)
main.obj : error LNK2019: ссылка на неразрешенный внешний символ "__declspec(dllimport) public: virtual __cdecl sf::Text::~Text(void)" (__imp_??1Text@sf@@UEAA@XZ) в функции "int `public: __cdecl Scene::Scene(void)'::`1'::dtor$3" (?dtor$3@?0???0Scene@@QEAA@XZ@4HA)
main.obj : error LNK2019: ссылка на неразрешенный внешний символ "__declspec(dllimport) class std::basic_string<char,struct std::char_traits<char>,class std::allocator<char> > __cdecl tgui::toLower(class std::basic_string<char,struct std::char_traits<char>,class std::allocator<char> >)" (__imp_?toLower@tgui@@YA?AV?$basic_string@DU?$char_traits@D@std@@V?$allocator@D@2@@std@@V23@@Z) в функции "public: unsigned int __cdecl tgui::SignalWidgetBase::connect<class <lambda_19b1fd1cf2c4fecdbfc418c1ade6d09c>,0>(class std::basic_string<char,struct std::char_traits<char>,class std::allocator<char> >,class <lambda_19b1fd1cf2c4fecdbfc418c1ade6d09c> &&)" (??$connect@V<lambda_19b1fd1cf2c4fecdbfc418c1ade6d09c>@@$$V$0A@@SignalWidgetBase@tgui@@QEAAIV?$basic_string@DU?$char_traits@D@std@@V?$allocator@D@2@@std@@$$QEAV<lambda_19b1fd1cf2c4fecdbfc418c1ade6d09c>@@@Z)
main.obj : error LNK2019: ссылка на неразрешенный внешний символ "__declspec(dllimport) public: unsigned int __cdecl tgui::Signal::connect(class std::function<void __cdecl(void)> const &)" (__imp_?connect@Signal@tgui@@QEAAIAEBV?$function@$$A6AXXZ@std@@@Z) в функции "public: unsigned int __cdecl tgui::SignalWidgetBase::connect<class <lambda_19b1fd1cf2c4fecdbfc418c1ade6d09c>,0>(class std::basic_string<char,struct std::char_traits<char>,class std::allocator<char> >,class <lambda_19b1fd1cf2c4fecdbfc418c1ade6d09c> &&)" (??$connect@V<lambda_19b1fd1cf2c4fecdbfc418c1ade6d09c>@@$$V$0A@@SignalWidgetBase@tgui@@QEAAIV?$basic_string@DU?$char_traits@D@std@@V?$allocator@D@2@@std@@$$QEAV<lambda_19b1fd1cf2c4fecdbfc418c1ade6d09c>@@@Z)
main.obj : error LNK2019: ссылка на неразрешенный внешний символ "__declspec(dllimport) public: __cdecl tgui::Layout::~Layout(void)" (__imp_??1Layout@tgui@@QEAA@XZ) в функции "int `public: virtual void __cdecl AboutScene::Load(void)'::`1'::dtor$5" (?dtor$5@?0??Load@AboutScene@@UEAAXXZ@4HA)
main.obj : error LNK2019: ссылка на неразрешенный внешний символ "__declspec(dllimport) public: __cdecl tgui::Theme::Theme(class std::basic_string<char,struct std::char_traits<char>,class std::allocator<char> > const &)" (__imp_??0Theme@tgui@@QEAA@AEBV?$basic_string@DU?$char_traits@D@std@@V?$allocator@D@2@@std@@@Z) в функции "public: __cdecl Scene::Scene(void)" (??0Scene@@QEAA@XZ)
main.obj : error LNK2019: ссылка на неразрешенный внешний символ "__declspec(dllimport) public: __cdecl tgui::Theme::~Theme(void)" (__imp_??1Theme@tgui@@QEAA@XZ) в функции "int `public: __cdecl Scene::Scene(void)'::`1'::dtor$1" (?dtor$1@?0???0Scene@@QEAA@XZ@4HA)
main.obj : error LNK2019: ссылка на неразрешенный внешний символ "__declspec(dllimport) public: class std::shared_ptr<struct tgui::RendererData> __cdecl tgui::Theme::getRenderer(class std::basic_string<char,struct std::char_traits<char>,class std::allocator<char> > const &)" (__imp_?getRenderer@Theme@tgui@@QEAA?AV?$shared_ptr@URendererData@tgui@@@std@@AEBV?$basic_string@DU?$char_traits@D@std@@V?$allocator@D@2@@4@@Z) в функции "public: virtual void __cdecl AboutScene::Load(void)" (?Load@AboutScene@@UEAAXXZ)
main.obj : error LNK2019: ссылка на неразрешенный внешний символ "__declspec(dllimport) public: void __cdecl tgui::Widget::setRenderer(class std::shared_ptr<struct tgui::RendererData>)" (__imp_?setRenderer@Widget@tgui@@QEAAXV?$shared_ptr@URendererData@tgui@@@std@@@Z) в функции "public: virtual void __cdecl AboutScene::Load(void)" (?Load@AboutScene@@UEAAXXZ)
main.obj : error LNK2019: ссылка на неразрешенный внешний символ "__declspec(dllimport) public: void __cdecl tgui::Widget::setPosition(class tgui::Layout,class tgui::Layout)" (__imp_?setPosition@Widget@tgui@@QEAAXVLayout@2@0@Z) в функции "public: virtual void __cdecl AboutScene::Load(void)" (?Load@AboutScene@@UEAAXXZ)
main.obj : error LNK2019: ссылка на неразрешенный внешний символ "__declspec(dllimport) public: void __cdecl tgui::Widget::setSize(class tgui::Layout,class tgui::Layout)" (__imp_?setSize@Widget@tgui@@QEAAXVLayout@2@0@Z) в функции "public: virtual void __cdecl AboutScene::Load(void)" (?Load@AboutScene@@UEAAXXZ)
main.obj : error LNK2019: ссылка на неразрешенный внешний символ "__declspec(dllimport) public: __cdecl tgui::Gui::Gui(class sf::RenderTarget &)" (__imp_??0Gui@tgui@@QEAA@AEAVRenderTarget@sf@@@Z) в функции "public: __cdecl AboutScene::AboutScene(class sf::RenderWindow *)" (??0AboutScene@@QEAA@PEAVRenderWindow@sf@@@Z)
main.obj : error LNK2019: ссылка на неразрешенный внешний символ "__declspec(dllimport) public: bool __cdecl tgui::Gui::handleEvent(class sf::Event)" (__imp_?handleEvent@Gui@tgui@@QEAA_NVEvent@sf@@@Z) в функции "public: void __cdecl MainWindow::EventNow(class sf::Event)" (?EventNow@MainWindow@@QEAAXVEvent@sf@@@Z)
main.obj : error LNK2019: ссылка на неразрешенный внешний символ "__declspec(dllimport) public: void __cdecl tgui::Gui::draw(void)" (__imp_?draw@Gui@tgui@@QEAAXXZ) в функции "public: void __cdecl MainWindow::DrawModeNow(class sf::Event)" (?DrawModeNow@MainWindow@@QEAAXVEvent@sf@@@Z)
main.obj : error LNK2019: ссылка на неразрешенный внешний символ "__declspec(dllimport) public: void __cdecl tgui::Gui::add(class std::shared_ptr<class tgui::Widget> const &,class sf::String const &)" (__imp_?add@Gui@tgui@@QEAAXAEBV?$shared_ptr@VWidget@tgui@@@std@@AEBVString@sf@@@Z) в функции "public: virtual void __cdecl AboutScene::Load(void)" (?Load@AboutScene@@UEAAXXZ)
main.obj : error LNK2019: ссылка на неразрешенный внешний символ "__declspec(dllimport) public: static class std::shared_ptr<class tgui::Button> __cdecl tgui::Button::create(class sf::String const &)" (__imp_?create@Button@tgui@@SA?AV?$shared_ptr@VButton@tgui@@@std@@AEBVString@sf@@@Z) в функции "public: virtual void __cdecl AboutScene::Load(void)" (?Load@AboutScene@@UEAAXXZ)
main.obj : error LNK2019: ссылка на неразрешенный внешний символ "__declspec(dllimport) public: void __cdecl tgui::Button::setTextSize(unsigned int)" (__imp_?setTextSize@Button@tgui@@QEAAXI@Z) в функции "public: virtual void __cdecl AboutScene::Load(void)" (?Load@AboutScene@@UEAAXXZ)
main.obj : error LNK2001: неразрешенный внешний символ ""public: virtual class sf::Vector2<unsigned int> __cdecl sf::RenderWindow::getSize(void)const " (?getSize@RenderWindow@sf@@UEBA?AV?$Vector2@I@2@XZ)"
main.obj : error LNK2001: неразрешенный внешний символ ""protected: virtual void __cdecl sf::RenderWindow::onCreate(void)" (?onCreate@RenderWindow@sf@@MEAAXXZ)"
main.obj : error LNK2001: неразрешенный внешний символ ""protected: virtual void __cdecl sf::RenderWindow::onResize(void)" (?onResize@RenderWindow@sf@@MEAAXXZ)"
main.obj : error LNK2001: неразрешенный внешний символ ""public: virtual bool __cdecl sf::RenderWindow::setActive(bool)" (?setActive@RenderWindow@sf@@UEAA_N_N@Z)"
main.obj : error LNK2001: неразрешенный внешний символ ""__declspec(dllimport) public: static class sf::RenderStates const sf::RenderStates::Default" (__imp_?Default@RenderStates@sf@@2V12@B)"
main.obj : error LNK2001: неразрешенный внешний символ ""__declspec(dllimport) public: static class sf::Color const sf::Color::Red" (__imp_?Red@Color@sf@@2V12@B)"
main.obj : error LNK2001: неразрешенный внешний символ ""__declspec(dllimport) public: static class sf::Color const sf::Color::Green" (__imp_?Green@Color@sf@@2V12@B)"
main.obj : error LNK2001: неразрешенный внешний символ ""__declspec(dllimport) public: static class sf::Color const sf::Color::Blue" (__imp_?Blue@Color@sf@@2V12@B)"
C:\Users\Admin\Desktop\Курсач Валік\Tron\x64\Debug\TRON1.exe : fatal error LNK1120: неразрешенных внешних элементов: 63
